<?xml version="1.0" encoding="UTF-8"?>
<testng-results ignored="0" total="1" passed="1" failed="0" skipped="0">
  <reporter-output>
  </reporter-output>
  <suite started-at="2023-11-10T09:29:36 IST" name="Default suite" finished-at="2023-11-10T09:30:03 IST" duration-ms="27053">
    <groups>
      <group name="cucumber">
        <method signature="AbstractTestNGCucumberTests.runScenario(io.cucumber.testng.PickleWrapper,io.cucumber.testng.FeatureWrapper)[pri:0, instance:com.purna.runner.RunPurnaTest@712625fd]" name="runScenario" class="io.cucumber.testng.AbstractTestNGCucumberTests"/>
      </group> <!-- cucumber -->
    </groups>
    <test started-at="2023-11-10T09:29:36 IST" name="Default test" finished-at="2023-11-10T09:30:03 IST" duration-ms="27053">
      <class name="com.purna.runner.RunPurnaTest">
        <test-method is-config="true" signature="setUpClass(org.testng.ITestContext)[pri:0, instance:com.purna.runner.RunPurnaTest@712625fd]" started-at="2023-11-10T09:29:36 IST" name="setUpClass" finished-at="2023-11-10T09:29:37 IST" duration-ms="864" status="PASS">
          <params>
            <param index="0">
              <value>
                <![CDATA[org.testng.TestRunner@d84418a]]>
              </value>
            </param>
          </params>
          <reporter-output>
          </reporter-output>
        </test-method> <!-- setUpClass -->
        <test-method signature="runScenario(io.cucumber.testng.PickleWrapper,io.cucumber.testng.FeatureWrapper)[pri:0, instance:com.purna.runner.RunPurnaTest@712625fd]" started-at="2023-11-10T09:29:37 IST" name="runScenario" description="Runs Cucumber Scenarios" data-provider="scenarios" finished-at="2023-11-10T09:29:58 IST" duration-ms="20996" status="PASS">
          <params>
            <param index="0">
              <value>
                <![CDATA["Verify that user is able to create inventory successfully"]]>
              </value>
            </param>
            <param index="1">
              <value>
                <![CDATA["Purna Inventory functionality verification"]]>
              </value>
            </param>
          </params>
          <reporter-output>
          </reporter-output>
        </test-method> <!-- runScenario -->
        <test-method is-config="true" signature="tearDownClass()[pri:0, instance:com.purna.runner.RunPurnaTest@712625fd]" started-at="2023-11-10T09:29:58 IST" name="tearDownClass" finished-at="2023-11-10T09:30:03 IST" duration-ms="5115" status="PASS">
          <reporter-output>
          </reporter-output>
        </test-method> <!-- tearDownClass -->
      </class> <!-- com.purna.runner.RunPurnaTest -->
    </test> <!-- Default test -->
  </suite> <!-- Default suite -->
</testng-results>
